# JRE version: Java(TM) SE Runtime Environment (8.0_181-b13) (build 1.8.0_181-b13)
# Java VM: Java HotSpot(TM) 64-Bit Server VM (25.181-b13 mixed mode windows-amd64 compressed oops)
Heap:
 PSYoungGen      total 141312K, used 105985K [0x00000000d5580000, 0x00000000e3000000, 0x0000000100000000)
  eden space 131072K, 73% used [0x00000000d5580000,0x00000000db304020,0x00000000dd580000)
  from space 10240K, 99% used [0x00000000dd580000,0x00000000ddf7c5d0,0x00000000ddf80000)
  to   space 11776K, 0% used [0x00000000e2480000,0x00000000e2480000,0x00000000e3000000)
 ParOldGen       total 64512K, used 13138K [0x0000000080000000, 0x0000000083f00000, 0x00000000d5580000)
  object space 64512K, 20% used [0x0000000080000000,0x0000000080cd4948,0x0000000083f00000)
 Metaspace       used 34149K, capacity 35076K, committed 35200K, reserved 1079296K
  class space    used 4146K, capacity 4398K, committed 4480K, reserved 1048576K
GC Heap History (10 events):
Event: 2.215 GC heap before
{Heap before GC invocations=4 (full 0):
 PSYoungGen      total 37888K, used 37884K [0x00000000d5580000, 0x00000000d9f80000, 0x0000000100000000)
  eden space 32768K, 100% used [0x00000000d5580000,0x00000000d7580000,0x00000000d7580000)
  from space 5120K, 99% used [0x00000000d7580000,0x00000000d7a7f0e8,0x00000000d7a80000)
  to   space 5120K, 0% used [0x00000000d9a80000,0x00000000d9a80000,0x00000000d9f80000)
 ParOldGen       total 86016K, used 680K [0x0000000080000000, 0x0000000085400000, 0x00000000d5580000)
  object space 86016K, 0% used [0x0000000080000000,0x00000000800aa220,0x0000000085400000)
 Metaspace       used 15436K, capacity 15626K, committed 15872K, reserved 1062912K
  class space    used 1644K, capacity 1739K, committed 1792K, reserved 1048576K
Event: 2.223 GC heap after
Heap after GC invocations=4 (full 0):
 PSYoungGen      total 70656K, used 5101K [0x00000000d5580000, 0x00000000d9f80000, 0x0000000100000000)
  eden space 65536K, 0% used [0x00000000d5580000,0x00000000d5580000,0x00000000d9580000)
  from space 5120K, 99% used [0x00000000d9a80000,0x00000000d9f7b6f8,0x00000000d9f80000)
  to   space 5120K, 0% used [0x00000000d9580000,0x00000000d9580000,0x00000000d9a80000)
 ParOldGen       total 86016K, used 3025K [0x0000000080000000, 0x0000000085400000, 0x00000000d5580000)
  object space 86016K, 3% used [0x0000000080000000,0x00000000802f4550,0x0000000085400000)
 Metaspace       used 15436K, capacity 15626K, committed 15872K, reserved 1062912K
  class space    used 1644K, capacity 1739K, committed 1792K, reserved 1048576K
}
Event: 3.121 GC heap before
{Heap before GC invocations=5 (full 0):
 PSYoungGen      total 70656K, used 70637K [0x00000000d5580000, 0x00000000d9f80000, 0x0000000100000000)
  eden space 65536K, 100% used [0x00000000d5580000,0x00000000d9580000,0x00000000d9580000)
  from space 5120K, 99% used [0x00000000d9a80000,0x00000000d9f7b6f8,0x00000000d9f80000)
  to   space 5120K, 0% used [0x00000000d9580000,0x00000000d9580000,0x00000000d9a80000)
 ParOldGen       total 86016K, used 3025K [0x0000000080000000, 0x0000000085400000, 0x00000000d5580000)
  object space 86016K, 3% used [0x0000000080000000,0x00000000802f4550,0x0000000085400000)
 Metaspace       used 20112K, capacity 20350K, committed 20608K, reserved 1067008K
  class space    used 2249K, capacity 2333K, committed 2432K, reserved 1048576K
Event: 3.134 GC heap after
Heap after GC invocations=5 (full 0):
 PSYoungGen      total 70656K, used 5092K [0x00000000d5580000, 0x00000000dea80000, 0x0000000100000000)
  eden space 65536K, 0% used [0x00000000d5580000,0x00000000d5580000,0x00000000d9580000)
  from space 5120K, 99% used [0x00000000d9580000,0x00000000d9a79118,0x00000000d9a80000)
  to   space 10752K, 0% used [0x00000000de000000,0x00000000de000000,0x00000000dea80000)
 ParOldGen       total 86016K, used 8385K [0x0000000080000000, 0x0000000085400000, 0x00000000d5580000)
  object space 86016K, 9% used [0x0000000080000000,0x0000000080830568,0x0000000085400000)
 Metaspace       used 20112K, capacity 20350K, committed 20608K, reserved 1067008K
  class space    used 2249K, capacity 2333K, committed 2432K, reserved 1048576K
}
Event: 3.301 GC heap before
{Heap before GC invocations=6 (full 0):
 PSYoungGen      total 70656K, used 18120K [0x00000000d5580000, 0x00000000dea80000, 0x0000000100000000)
  eden space 65536K, 19% used [0x00000000d5580000,0x00000000d62390b0,0x00000000d9580000)
  from space 5120K, 99% used [0x00000000d9580000,0x00000000d9a79118,0x00000000d9a80000)
  to   space 10752K, 0% used [0x00000000de000000,0x00000000de000000,0x00000000dea80000)
 ParOldGen       total 86016K, used 8385K [0x0000000080000000, 0x0000000085400000, 0x00000000d5580000)
  object space 86016K, 9% used [0x0000000080000000,0x0000000080830568,0x0000000085400000)
 Metaspace       used 20785K, capacity 21094K, committed 21296K, reserved 1069056K
  class space    used 2329K, capacity 2406K, committed 2432K, reserved 1048576K
Event: 3.312 GC heap after
Heap after GC invocations=6 (full 0):
 PSYoungGen      total 140800K, used 6463K [0x00000000d5580000, 0x00000000de980000, 0x0000000100000000)
  eden space 131072K, 0% used [0x00000000d5580000,0x00000000d5580000,0x00000000dd580000)
  from space 9728K, 66% used [0x00000000de000000,0x00000000de64fd30,0x00000000de980000)
  to   space 10240K, 0% used [0x00000000dd580000,0x00000000dd580000,0x00000000ddf80000)
 ParOldGen       total 86016K, used 8393K [0x0000000080000000, 0x0000000085400000, 0x00000000d5580000)
  object space 86016K, 9% used [0x0000000080000000,0x0000000080832568,0x0000000085400000)
 Metaspace       used 20785K, capacity 21094K, committed 21296K, reserved 1069056K
  class space    used 2329K, capacity 2406K, committed 2432K, reserved 1048576K
}
Event: 3.312 GC heap before
{Heap before GC invocations=7 (full 1):
 PSYoungGen      total 140800K, used 6463K [0x00000000d5580000, 0x00000000de980000, 0x0000000100000000)
  eden space 131072K, 0% used [0x00000000d5580000,0x00000000d5580000,0x00000000dd580000)
  from space 9728K, 66% used [0x00000000de000000,0x00000000de64fd30,0x00000000de980000)
  to   space 10240K, 0% used [0x00000000dd580000,0x00000000dd580000,0x00000000ddf80000)
 ParOldGen       total 86016K, used 8393K [0x0000000080000000, 0x0000000085400000, 0x00000000d5580000)
  object space 86016K, 9% used [0x0000000080000000,0x0000000080832568,0x0000000085400000)
 Metaspace       used 20785K, capacity 21094K, committed 21296K, reserved 1069056K
  class space    used 2329K, capacity 2406K, committed 2432K, reserved 1048576K
Event: 3.375 GC heap after
Heap after GC invocations=7 (full 1):
 PSYoungGen      total 140800K, used 0K [0x00000000d5580000, 0x00000000de980000, 0x0000000100000000)
  eden space 131072K, 0% used [0x00000000d5580000,0x00000000d5580000,0x00000000dd580000)
  from space 9728K, 0% used [0x00000000de000000,0x00000000de000000,0x00000000de980000)
  to   space 10240K, 0% used [0x00000000dd580000,0x00000000dd580000,0x00000000ddf80000)
 ParOldGen       total 64512K, used 12606K [0x0000000080000000, 0x0000000083f00000, 0x00000000d5580000)
  object space 64512K, 19% used [0x0000000080000000,0x0000000080c4f8f0,0x0000000083f00000)
 Metaspace       used 20785K, capacity 21094K, committed 21296K, reserved 1069056K
  class space    used 2329K, capacity 2406K, committed 2432K, reserved 1048576K
}
Event: 5.866 GC heap before
{Heap before GC invocations=8 (full 1):
 PSYoungGen      total 140800K, used 131072K [0x00000000d5580000, 0x00000000de980000, 0x0000000100000000)
  eden space 131072K, 100% used [0x00000000d5580000,0x00000000dd580000,0x00000000dd580000)
  from space 9728K, 0% used [0x00000000de000000,0x00000000de000000,0x00000000de980000)
  to   space 10240K, 0% used [0x00000000dd580000,0x00000000dd580000,0x00000000ddf80000)
 ParOldGen       total 64512K, used 12606K [0x0000000080000000, 0x0000000083f00000, 0x00000000d5580000)
  object space 64512K, 19% used [0x0000000080000000,0x0000000080c4f8f0,0x0000000083f00000)
 Metaspace       used 26681K, capacity 27082K, committed 27392K, reserved 1073152K
  class space    used 3134K, capacity 3264K, committed 3328K, reserved 1048576K
Event: 5.880 GC heap after
Heap after GC invocations=8 (full 1):
 PSYoungGen      total 141312K, used 10225K [0x00000000d5580000, 0x00000000e3000000, 0x0000000100000000)
  eden space 131072K, 0% used [0x00000000d5580000,0x00000000d5580000,0x00000000dd580000)
  from space 10240K, 99% used [0x00000000dd580000,0x00000000ddf7c5d0,0x00000000ddf80000)
  to   space 11776K, 0% used [0x00000000e2480000,0x00000000e2480000,0x00000000e3000000)
 ParOldGen       total 64512K, used 13138K [0x0000000080000000, 0x0000000083f00000, 0x00000000d5580000)
  object space 64512K, 20% used [0x0000000080000000,0x0000000080cd4948,0x0000000083f00000)
 Metaspace       used 26681K, capacity 27082K, committed 27392K, reserved 1073152K
  class space    used 3134K, capacity 3264K, committed 3328K, reserved 1048576K
}

